Feb 21 18:07:21 hayu-Inspiron-7460 anacron[5428]: Job `cron.daily' terminated
Feb 21 18:07:21 hayu-Inspiron-7460 anacron[5428]: Normal exit (1 job run)
Feb 21 18:13:58 hayu-Inspiron-7460 crontab[5681]: (hayu) BEGIN EDIT (hayu)
Feb 21 18:15:07 hayu-Inspiron-7460 crontab[5755]: (hayu) BEGIN EDIT (hayu)
Feb 21 18:15:40 hayu-Inspiron-7460 crontab[5799]: (hayu) BEGIN EDIT (hayu)
Feb 21 18:17:01 hayu-Inspiron-7460 crontab[5820]: (hayu) LIST (hayu)
Feb 21 18:17:03 hayu-Inspiron-7460 crontab[5825]: (hayu) BEGIN EDIT (hayu)
Feb 21 18:18:28 hayu-Inspiron-7460 crontab[5825]: (hayu) END EDIT (hayu)
Feb 21 18:20:47 hayu-Inspiron-7460 crontab[5895]: (hayu) BEGIN EDIT (hayu)
Feb 21 18:20:48 hayu-Inspiron-7460 crontab[5895]: (hayu) END EDIT (hayu)
Feb 21 18:21:03 hayu-Inspiron-7460 crontab[5906]: (hayu) BEGIN EDIT (hayu)
Feb 21 18:22:16 hayu-Inspiron-7460 crontab[5906]: (hayu) REPLACE (hayu)
Feb 21 18:22:16 hayu-Inspiron-7460 crontab[5906]: (hayu) END EDIT (hayu)
Feb 21 18:26:01 hayu-Inspiron-7460 CRON[5937]: (hayu) CMD (/bin/bash /home/hayu/nomer5.sh)
Feb 21 18:07:21 hayu-Inspiron-7460 anacron[5428]: Job `cron.daily' terminated
Feb 21 18:07:21 hayu-Inspiron-7460 anacron[5428]: Normal exit (1 job run)
Feb 21 18:13:58 hayu-Inspiron-7460 crontab[5681]: (hayu) BEGIN EDIT (hayu)
Feb 21 18:15:07 hayu-Inspiron-7460 crontab[5755]: (hayu) BEGIN EDIT (hayu)
Feb 21 18:15:40 hayu-Inspiron-7460 crontab[5799]: (hayu) BEGIN EDIT (hayu)
Feb 21 18:17:01 hayu-Inspiron-7460 crontab[5820]: (hayu) LIST (hayu)
Feb 21 18:17:03 hayu-Inspiron-7460 crontab[5825]: (hayu) BEGIN EDIT (hayu)
Feb 21 18:18:28 hayu-Inspiron-7460 crontab[5825]: (hayu) END EDIT (hayu)
Feb 21 18:20:47 hayu-Inspiron-7460 crontab[5895]: (hayu) BEGIN EDIT (hayu)
Feb 21 18:20:48 hayu-Inspiron-7460 crontab[5895]: (hayu) END EDIT (hayu)
Feb 21 18:21:03 hayu-Inspiron-7460 crontab[5906]: (hayu) BEGIN EDIT (hayu)
Feb 21 18:22:16 hayu-Inspiron-7460 crontab[5906]: (hayu) REPLACE (hayu)
Feb 21 18:22:16 hayu-Inspiron-7460 crontab[5906]: (hayu) END EDIT (hayu)
Feb 21 18:26:01 hayu-Inspiron-7460 CRON[5937]: (hayu) CMD (/bin/bash /home/hayu/nomer5.sh)
Feb 21 18:49:26 hayu-Inspiron-7460 systemd[1]: Stopped Trigger anacron every hour.
Feb 22 16:58:51 hayu-Inspiron-7460 systemd[1]: Started Trigger anacron every hour.
Feb 22 16:58:51 hayu-Inspiron-7460 cron[976]: (CRON) INFO (pidfile fd = 3)
Feb 22 16:58:53 hayu-Inspiron-7460 cron[976]: (CRON) INFO (Running @reboot jobs)
Feb 22 10:02:01 hayu-Inspiron-7460 CRON[2421]: (hayu) CMD (/bin/bash /home/hayu/nomer5.sh)
Feb 21 18:07:21 hayu-Inspiron-7460 anacron[5428]: Job `cron.daily' terminated
Feb 21 18:07:21 hayu-Inspiron-7460 anacron[5428]: Normal exit (1 job run)
Feb 21 18:13:58 hayu-Inspiron-7460 crontab[5681]: (hayu) BEGIN EDIT (hayu)
Feb 21 18:15:07 hayu-Inspiron-7460 crontab[5755]: (hayu) BEGIN EDIT (hayu)
Feb 21 18:15:40 hayu-Inspiron-7460 crontab[5799]: (hayu) BEGIN EDIT (hayu)
Feb 21 18:17:01 hayu-Inspiron-7460 crontab[5820]: (hayu) LIST (hayu)
Feb 21 18:17:03 hayu-Inspiron-7460 crontab[5825]: (hayu) BEGIN EDIT (hayu)
Feb 21 18:18:28 hayu-Inspiron-7460 crontab[5825]: (hayu) END EDIT (hayu)
Feb 21 18:20:47 hayu-Inspiron-7460 crontab[5895]: (hayu) BEGIN EDIT (hayu)
Feb 21 18:20:48 hayu-Inspiron-7460 crontab[5895]: (hayu) END EDIT (hayu)
Feb 21 18:21:03 hayu-Inspiron-7460 crontab[5906]: (hayu) BEGIN EDIT (hayu)
Feb 21 18:22:16 hayu-Inspiron-7460 crontab[5906]: (hayu) REPLACE (hayu)
Feb 21 18:22:16 hayu-Inspiron-7460 crontab[5906]: (hayu) END EDIT (hayu)
Feb 21 18:26:01 hayu-Inspiron-7460 CRON[5937]: (hayu) CMD (/bin/bash /home/hayu/nomer5.sh)
Feb 21 18:49:26 hayu-Inspiron-7460 systemd[1]: Stopped Trigger anacron every hour.
Feb 22 16:58:51 hayu-Inspiron-7460 systemd[1]: Started Trigger anacron every hour.
Feb 22 16:58:51 hayu-Inspiron-7460 cron[976]: (CRON) INFO (pidfile fd = 3)
Feb 22 16:58:53 hayu-Inspiron-7460 cron[976]: (CRON) INFO (Running @reboot jobs)
Feb 22 10:02:01 hayu-Inspiron-7460 CRON[2421]: (hayu) CMD (/bin/bash /home/hayu/nomer5.sh)
Feb 22 10:08:01 hayu-Inspiron-7460 CRON[2588]: (hayu) CMD (/bin/bash /home/hayu/nomer5.sh)
Feb 21 18:07:21 hayu-Inspiron-7460 anacron[5428]: Job `cron.daily' terminated
Feb 21 18:07:21 hayu-Inspiron-7460 anacron[5428]: Normal exit (1 job run)
Feb 21 18:13:58 hayu-Inspiron-7460 crontab[5681]: (hayu) BEGIN EDIT (hayu)
Feb 21 18:15:07 hayu-Inspiron-7460 crontab[5755]: (hayu) BEGIN EDIT (hayu)
Feb 21 18:15:40 hayu-Inspiron-7460 crontab[5799]: (hayu) BEGIN EDIT (hayu)
Feb 21 18:17:01 hayu-Inspiron-7460 crontab[5820]: (hayu) LIST (hayu)
Feb 21 18:17:03 hayu-Inspiron-7460 crontab[5825]: (hayu) BEGIN EDIT (hayu)
Feb 21 18:18:28 hayu-Inspiron-7460 crontab[5825]: (hayu) END EDIT (hayu)
Feb 21 18:20:47 hayu-Inspiron-7460 crontab[5895]: (hayu) BEGIN EDIT (hayu)
Feb 21 18:20:48 hayu-Inspiron-7460 crontab[5895]: (hayu) END EDIT (hayu)
Feb 21 18:21:03 hayu-Inspiron-7460 crontab[5906]: (hayu) BEGIN EDIT (hayu)
Feb 21 18:22:16 hayu-Inspiron-7460 crontab[5906]: (hayu) REPLACE (hayu)
Feb 21 18:22:16 hayu-Inspiron-7460 crontab[5906]: (hayu) END EDIT (hayu)
Feb 21 18:26:01 hayu-Inspiron-7460 CRON[5937]: (hayu) CMD (/bin/bash /home/hayu/nomer5.sh)
Feb 21 18:49:26 hayu-Inspiron-7460 systemd[1]: Stopped Trigger anacron every hour.
Feb 22 16:58:51 hayu-Inspiron-7460 systemd[1]: Started Trigger anacron every hour.
Feb 22 16:58:51 hayu-Inspiron-7460 cron[976]: (CRON) INFO (pidfile fd = 3)
Feb 22 16:58:53 hayu-Inspiron-7460 cron[976]: (CRON) INFO (Running @reboot jobs)
Feb 22 10:02:01 hayu-Inspiron-7460 CRON[2421]: (hayu) CMD (/bin/bash /home/hayu/nomer5.sh)
Feb 22 10:08:01 hayu-Inspiron-7460 CRON[2588]: (hayu) CMD (/bin/bash /home/hayu/nomer5.sh)
Feb 22 10:14:01 hayu-Inspiron-7460 CRON[3213]: (hayu) CMD (/bin/bash /home/hayu/nomer5.sh)
Feb 21 18:07:21 hayu-Inspiron-7460 anacron[5428]: Job `cron.daily' terminated
Feb 21 18:07:21 hayu-Inspiron-7460 anacron[5428]: Normal exit (1 job run)
Feb 21 18:13:58 hayu-Inspiron-7460 crontab[5681]: (hayu) BEGIN EDIT (hayu)
Feb 21 18:15:07 hayu-Inspiron-7460 crontab[5755]: (hayu) BEGIN EDIT (hayu)
Feb 21 18:15:40 hayu-Inspiron-7460 crontab[5799]: (hayu) BEGIN EDIT (hayu)
Feb 21 18:17:01 hayu-Inspiron-7460 crontab[5820]: (hayu) LIST (hayu)
Feb 21 18:17:03 hayu-Inspiron-7460 crontab[5825]: (hayu) BEGIN EDIT (hayu)
Feb 21 18:18:28 hayu-Inspiron-7460 crontab[5825]: (hayu) END EDIT (hayu)
Feb 21 18:20:47 hayu-Inspiron-7460 crontab[5895]: (hayu) BEGIN EDIT (hayu)
Feb 21 18:20:48 hayu-Inspiron-7460 crontab[5895]: (hayu) END EDIT (hayu)
Feb 21 18:21:03 hayu-Inspiron-7460 crontab[5906]: (hayu) BEGIN EDIT (hayu)
Feb 21 18:22:16 hayu-Inspiron-7460 crontab[5906]: (hayu) REPLACE (hayu)
Feb 21 18:22:16 hayu-Inspiron-7460 crontab[5906]: (hayu) END EDIT (hayu)
Feb 21 18:26:01 hayu-Inspiron-7460 CRON[5937]: (hayu) CMD (/bin/bash /home/hayu/nomer5.sh)
Feb 21 18:49:26 hayu-Inspiron-7460 systemd[1]: Stopped Trigger anacron every hour.
Feb 22 16:58:51 hayu-Inspiron-7460 systemd[1]: Started Trigger anacron every hour.
Feb 22 16:58:51 hayu-Inspiron-7460 cron[976]: (CRON) INFO (pidfile fd = 3)
Feb 22 16:58:53 hayu-Inspiron-7460 cron[976]: (CRON) INFO (Running @reboot jobs)
Feb 22 10:02:01 hayu-Inspiron-7460 CRON[2421]: (hayu) CMD (/bin/bash /home/hayu/nomer5.sh)
Feb 22 10:08:01 hayu-Inspiron-7460 CRON[2588]: (hayu) CMD (/bin/bash /home/hayu/nomer5.sh)
Feb 22 10:14:01 hayu-Inspiron-7460 CRON[3213]: (hayu) CMD (/bin/bash /home/hayu/nomer5.sh)
Feb 22 10:20:01 hayu-Inspiron-7460 CRON[3457]: (hayu) CMD (/bin/bash /home/hayu/nomer5.sh)
Feb 21 18:07:21 hayu-Inspiron-7460 anacron[5428]: Job `cron.daily' terminated
Feb 21 18:07:21 hayu-Inspiron-7460 anacron[5428]: Normal exit (1 job run)
Feb 21 18:13:58 hayu-Inspiron-7460 crontab[5681]: (hayu) BEGIN EDIT (hayu)
Feb 21 18:15:07 hayu-Inspiron-7460 crontab[5755]: (hayu) BEGIN EDIT (hayu)
Feb 21 18:15:40 hayu-Inspiron-7460 crontab[5799]: (hayu) BEGIN EDIT (hayu)
Feb 21 18:17:01 hayu-Inspiron-7460 crontab[5820]: (hayu) LIST (hayu)
Feb 21 18:17:03 hayu-Inspiron-7460 crontab[5825]: (hayu) BEGIN EDIT (hayu)
Feb 21 18:18:28 hayu-Inspiron-7460 crontab[5825]: (hayu) END EDIT (hayu)
Feb 21 18:20:47 hayu-Inspiron-7460 crontab[5895]: (hayu) BEGIN EDIT (hayu)
Feb 21 18:20:48 hayu-Inspiron-7460 crontab[5895]: (hayu) END EDIT (hayu)
Feb 21 18:21:03 hayu-Inspiron-7460 crontab[5906]: (hayu) BEGIN EDIT (hayu)
Feb 21 18:22:16 hayu-Inspiron-7460 crontab[5906]: (hayu) REPLACE (hayu)
Feb 21 18:22:16 hayu-Inspiron-7460 crontab[5906]: (hayu) END EDIT (hayu)
Feb 21 18:26:01 hayu-Inspiron-7460 CRON[5937]: (hayu) CMD (/bin/bash /home/hayu/nomer5.sh)
Feb 21 18:49:26 hayu-Inspiron-7460 systemd[1]: Stopped Trigger anacron every hour.
Feb 22 16:58:51 hayu-Inspiron-7460 systemd[1]: Started Trigger anacron every hour.
Feb 22 16:58:51 hayu-Inspiron-7460 cron[976]: (CRON) INFO (pidfile fd = 3)
Feb 22 16:58:53 hayu-Inspiron-7460 cron[976]: (CRON) INFO (Running @reboot jobs)
Feb 22 10:02:01 hayu-Inspiron-7460 CRON[2421]: (hayu) CMD (/bin/bash /home/hayu/nomer5.sh)
Feb 22 10:08:01 hayu-Inspiron-7460 CRON[2588]: (hayu) CMD (/bin/bash /home/hayu/nomer5.sh)
Feb 22 10:14:01 hayu-Inspiron-7460 CRON[3213]: (hayu) CMD (/bin/bash /home/hayu/nomer5.sh)
Feb 22 10:20:01 hayu-Inspiron-7460 CRON[3457]: (hayu) CMD (/bin/bash /home/hayu/nomer5.sh)
Feb 22 10:26:01 hayu-Inspiron-7460 CRON[3652]: (hayu) CMD (/bin/bash /home/hayu/nomer5.sh)
